build/app/intermediates/manifest_merge_blame_file/debug/manifest-merger-blame-debug-report.txt
1<?xml version="1.0" encoding="utf-8"?>
2<manifest xmlns:android="http://schemas.android.com/apk/res/android"
3    package="com.example.AttendanceApp"
4    android:versionCode="1"
5    android:versionName="1.0.0" >
6
7    <uses-sdk
8        android:minSdkVersion="23"
9        android:targetSdkVersion="29" />
10    <!--
11         Flutter needs it to communicate with the running application
12         to allow setting breakpoints, to provide hot reload, etc.
13    -->
14    <uses-permission android:name="android.permission.INTERNET" />
14-->src\debug\AndroidManifest.xml:6:5-66
14-->src\debug\AndroidManifest.xml:6:22-64
15    <uses-permission android:name="android.permission.RECEIVE_BOOT_COMPLETED" />
15-->src\debug\AndroidManifest.xml:7:5-80
15-->src\debug\AndroidManifest.xml:7:22-78
16    <uses-permission android:name="android.permission.VIBRATE" />
16-->src\debug\AndroidManifest.xml:8:5-66
16-->src\debug\AndroidManifest.xml:8:22-63
17    <uses-permission android:name="android.permission.READ_EXTERNAL_STORAGE" />
17-->[:image_picker] AndroidManifest.xml:7:5-80
17-->[:image_picker] AndroidManifest.xml:7:22-77
18    <uses-permission android:name="android.permission.WRITE_EXTERNAL_STORAGE" />
18-->[:image_picker] AndroidManifest.xml:8:5-81
18-->[:image_picker] AndroidManifest.xml:8:22-78
19    <uses-permission android:name="android.permission.USE_FULL_SCREEN_INTENT" /> <!-- Although the *SdkVersion is captured in gradle build files, this is required for non gradle builds -->
19-->[:flutter_local_notifications] AndroidManifest.xml:9:5-81
19-->[:flutter_local_notifications] AndroidManifest.xml:9:22-78
20    <!-- <uses-sdk android:minSdkVersion="14" /> -->
21    <uses-permission android:name="android.permission.ACCESS_NETWORK_STATE" />
21-->[com.google.firebase:firebase-firestore:22.0.1] AndroidManifest.xml:13:5-79
21-->[com.google.firebase:firebase-firestore:22.0.1] AndroidManifest.xml:13:22-76
22    <!--
23 io.flutter.app.FlutterApplication is an android.app.Application that
24         calls FlutterMain.startInitialization(this); in its onCreate method.
25         In most cases you can leave this as-is, but you if you want to provide
26         additional functionality it is fine to subclass or reimplement
27         FlutterApplication and put your custom class here.
28    -->
29    <application
29-->src\main\AndroidManifest.xml:8:5-56:19
30        android:name="io.flutter.app.FlutterApplication"
30-->src\main\AndroidManifest.xml:9:9-57
31        android:appComponentFactory="androidx.core.app.CoreComponentFactory"
31-->[androidx.core:core:1.3.0] AndroidManifest.xml:24:18-86
32        android:debuggable="true"
33        android:icon="@mipmap/ic_launcher"
33-->src\main\AndroidManifest.xml:11:9-43
34        android:label="AttendanceApp" >
34-->src\main\AndroidManifest.xml:10:9-38
35        <activity
35-->src\main\AndroidManifest.xml:12:9-42:20
36            android:name="com.example.AttendanceApp.MainActivity"
36-->src\main\AndroidManifest.xml:13:13-41
37            android:configChanges="orientation|keyboardHidden|keyboard|screenSize|smallestScreenSize|locale|layoutDirection|fontScale|screenLayout|density|uiMode"
37-->src\main\AndroidManifest.xml:16:13-163
38            android:hardwareAccelerated="true"
38-->src\main\AndroidManifest.xml:17:13-47
39            android:launchMode="singleTop"
39-->src\main\AndroidManifest.xml:14:13-43
40            android:showWhenLocked="true"
40-->src\main\AndroidManifest.xml:19:13-42
41            android:theme="@style/LaunchTheme"
41-->src\main\AndroidManifest.xml:15:13-47
42            android:turnScreenOn="true"
42-->src\main\AndroidManifest.xml:20:13-40
43            android:windowSoftInputMode="adjustResize" >
43-->src\main\AndroidManifest.xml:18:13-55
44>
45            <!--
46                 Specifies an Android theme to apply to this Activity as soon as
47                 the Android process has started. This theme is visible to the user
48                 while the Flutter UI initializes. After that, this theme continues
49                 to determine the Window background behind the Flutter UI.
50            -->
51            <meta-data
51-->src\main\AndroidManifest.xml:25:13-28:17
52                android:name="io.flutter.embedding.android.NormalTheme"
52-->src\main\AndroidManifest.xml:26:15-70
53                android:resource="@style/NormalTheme" />
53-->src\main\AndroidManifest.xml:27:15-52
54            <!--
55                 Displays an Android View that continues showing the launch screen
56                 Drawable until Flutter paints its first frame, then this splash
57                 screen fades out. A splash screen is useful to avoid any visual
58                 gap between the end of Android's launch screen and the painting of
59                 Flutter's first frame.
60            -->
61            <meta-data
61-->src\main\AndroidManifest.xml:34:13-37:17
62                android:name="io.flutter.embedding.android.SplashScreenDrawable"
62-->src\main\AndroidManifest.xml:35:15-79
63                android:resource="@drawable/launch_background" />
63-->src\main\AndroidManifest.xml:36:15-61
64
65            <intent-filter>
65-->src\main\AndroidManifest.xml:38:13-41:29
66                <action android:name="android.intent.action.MAIN" />
66-->src\main\AndroidManifest.xml:39:17-68
66-->src\main\AndroidManifest.xml:39:25-66
67
68                <category android:name="android.intent.category.LAUNCHER" />
68-->src\main\AndroidManifest.xml:40:17-76
68-->src\main\AndroidManifest.xml:40:27-74
69            </intent-filter>
70        </activity>
71
72        <receiver android:name="com.dexterous.flutterlocalnotifications.ScheduledNotificationBootReceiver" >
72-->src\main\AndroidManifest.xml:43:9-50:20
72-->src\main\AndroidManifest.xml:43:19-107
73            <intent-filter>
73-->src\main\AndroidManifest.xml:44:11-49:27
74                <action android:name="android.intent.action.BOOT_COMPLETED" />
74-->src\main\AndroidManifest.xml:45:15-76
74-->src\main\AndroidManifest.xml:45:23-74
75                <action android:name="android.intent.action.MY_PACKAGE_REPLACED" />
75-->src\main\AndroidManifest.xml:46:15-81
75-->src\main\AndroidManifest.xml:46:23-79
76                <action android:name="android.intent.action.QUICKBOOT_POWERON" />
76-->src\main\AndroidManifest.xml:47:15-80
76-->src\main\AndroidManifest.xml:47:23-77
77                <action android:name="com.htc.intent.action.QUICKBOOT_POWERON" />
77-->src\main\AndroidManifest.xml:48:15-79
77-->src\main\AndroidManifest.xml:48:23-77
78            </intent-filter>
79        </receiver>
80        <!--
81             Don't delete the meta-data below.
82             This is used by the Flutter tool to generate GeneratedPluginRegistrant.java
83        -->
84        <meta-data
84-->src\main\AndroidManifest.xml:53:9-55:33
85            android:name="flutterEmbedding"
85-->src\main\AndroidManifest.xml:54:13-44
86            android:value="2" />
86-->src\main\AndroidManifest.xml:55:13-30
87
88        <provider
88-->[:image_picker] AndroidManifest.xml:11:9-19:20
89            android:name="io.flutter.plugins.imagepicker.ImagePickerFileProvider"
89-->[:image_picker] AndroidManifest.xml:12:13-82
90            android:authorities="com.example.AttendanceApp.flutter.image_provider"
90-->[:image_picker] AndroidManifest.xml:13:13-74
91            android:exported="false"
91-->[:image_picker] AndroidManifest.xml:14:13-37
92            android:grantUriPermissions="true" >
92-->[:image_picker] AndroidManifest.xml:15:13-47
93            <meta-data
93-->[:image_picker] AndroidManifest.xml:16:13-18:75
94                android:name="android.support.FILE_PROVIDER_PATHS"
94-->[:image_picker] AndroidManifest.xml:17:17-67
95                android:resource="@xml/flutter_image_picker_file_paths" />
95-->[:image_picker] AndroidManifest.xml:18:17-72
96        </provider>
97
98        <receiver android:name="com.dexterous.flutterlocalnotifications.ScheduledNotificationReceiver" />
98-->[:flutter_local_notifications] AndroidManifest.xml:12:9-106
98-->[:flutter_local_notifications] AndroidManifest.xml:12:19-103
99
100        <service
100-->[:firebase_database] AndroidManifest.xml:8:9-12:19
101            android:name="com.google.firebase.components.ComponentDiscoveryService"
101-->[:firebase_database] AndroidManifest.xml:8:18-89
102            android:directBootAware="true"
102-->[com.google.firebase:firebase-common:19.5.0] AndroidManifest.xml:35:13-43
103            android:exported="false" >
103-->[com.google.firebase:firebase-firestore:22.0.1] AndroidManifest.xml:19:13-37
104            <meta-data
104-->[:firebase_database] AndroidManifest.xml:9:13-11:85
105                android:name="com.google.firebase.components:io.flutter.plugins.firebase.database.FlutterFirebaseAppRegistrar"
105-->[:firebase_database] AndroidManifest.xml:10:17-127
106                android:value="com.google.firebase.components.ComponentRegistrar" />
106-->[:firebase_database] AndroidManifest.xml:11:17-82
107            <meta-data
107-->[:cloud_firestore] AndroidManifest.xml:9:13-11:85
108                android:name="com.google.firebase.components:io.flutter.plugins.firebase.firestore.FlutterFirebaseFirestoreRegistrar"
108-->[:cloud_firestore] AndroidManifest.xml:10:17-134
109                android:value="com.google.firebase.components.ComponentRegistrar" />
109-->[:cloud_firestore] AndroidManifest.xml:11:17-82
110            <meta-data
110-->[:firebase_storage] AndroidManifest.xml:9:13-11:85
111                android:name="com.google.firebase.components:io.flutter.plugins.firebase.storage.FlutterFirebaseAppRegistrar"
111-->[:firebase_storage] AndroidManifest.xml:10:17-126
112                android:value="com.google.firebase.components.ComponentRegistrar" />
112-->[:firebase_storage] AndroidManifest.xml:11:17-82
113            <meta-data
113-->[:firebase_core] AndroidManifest.xml:9:13-11:85
114                android:name="com.google.firebase.components:io.flutter.plugins.firebase.core.FlutterFirebaseCoreRegistrar"
114-->[:firebase_core] AndroidManifest.xml:10:17-124
115                android:value="com.google.firebase.components.ComponentRegistrar" />
115-->[:firebase_core] AndroidManifest.xml:11:17-82
116            <meta-data
116-->[com.google.firebase:firebase-firestore:22.0.1] AndroidManifest.xml:20:13-22:85
117                android:name="com.google.firebase.components:com.google.firebase.firestore.FirestoreRegistrar"
117-->[com.google.firebase:firebase-firestore:22.0.1] AndroidManifest.xml:21:17-111
118                android:value="com.google.firebase.components.ComponentRegistrar" />
118-->[com.google.firebase:firebase-firestore:22.0.1] AndroidManifest.xml:22:17-82
119            <meta-data
119-->[com.google.firebase:firebase-storage:19.2.1] AndroidManifest.xml:33:13-35:85
120                android:name="com.google.firebase.components:com.google.firebase.storage.StorageRegistrar"
120-->[com.google.firebase:firebase-storage:19.2.1] AndroidManifest.xml:34:17-107
121                android:value="com.google.firebase.components.ComponentRegistrar" />
121-->[com.google.firebase:firebase-storage:19.2.1] AndroidManifest.xml:35:17-82
122            <meta-data
122-->[com.google.firebase:firebase-database:19.6.0] AndroidManifest.xml:32:13-34:85
123                android:name="com.google.firebase.components:com.google.firebase.database.DatabaseRegistrar"
123-->[com.google.firebase:firebase-database:19.6.0] AndroidManifest.xml:33:17-109
124                android:value="com.google.firebase.components.ComponentRegistrar" />
124-->[com.google.firebase:firebase-database:19.6.0] AndroidManifest.xml:34:17-82
125            <!--
126                This registrar is not defined in the dynamic-module-support sdk itself to allow non-firebase
127                clients to use it as well, by defining this registrar in their own core/common library.
128            -->
129            <meta-data
129-->[com.google.firebase:firebase-common:19.5.0] AndroidManifest.xml:43:13-45:85
130                android:name="com.google.firebase.components:com.google.firebase.dynamicloading.DynamicLoadingRegistrar"
130-->[com.google.firebase:firebase-common:19.5.0] AndroidManifest.xml:44:17-121
131                android:value="com.google.firebase.components.ComponentRegistrar" />
131-->[com.google.firebase:firebase-common:19.5.0] AndroidManifest.xml:45:17-82
132        </service>
133
134        <activity
134-->[com.google.android.gms:play-services-base:17.0.0] AndroidManifest.xml:23:9-26:75
135            android:name="com.google.android.gms.common.api.GoogleApiActivity"
135-->[com.google.android.gms:play-services-base:17.0.0] AndroidManifest.xml:24:13-79
136            android:exported="false"
136-->[com.google.android.gms:play-services-base:17.0.0] AndroidManifest.xml:25:13-37
137            android:theme="@android:style/Theme.Translucent.NoTitleBar" />
137-->[com.google.android.gms:play-services-base:17.0.0] AndroidManifest.xml:26:13-72
138
139        <provider
139-->[com.google.firebase:firebase-common:19.5.0] AndroidManifest.xml:26:9-31:39
140            android:name="com.google.firebase.provider.FirebaseInitProvider"
140-->[com.google.firebase:firebase-common:19.5.0] AndroidManifest.xml:27:13-77
141            android:authorities="com.example.AttendanceApp.firebaseinitprovider"
141-->[com.google.firebase:firebase-common:19.5.0] AndroidManifest.xml:28:13-72
142            android:directBootAware="true"
142-->[com.google.firebase:firebase-common:19.5.0] AndroidManifest.xml:29:13-43
143            android:exported="false"
143-->[com.google.firebase:firebase-common:19.5.0] AndroidManifest.xml:30:13-37
144            android:initOrder="100" />
144-->[com.google.firebase:firebase-common:19.5.0] AndroidManifest.xml:31:13-36
145
146        <meta-data
146-->[com.google.android.gms:play-services-basement:17.0.0] AndroidManifest.xml:23:9-25:69
147            android:name="com.google.android.gms.version"
147-->[com.google.android.gms:play-services-basement:17.0.0] AndroidManifest.xml:24:13-58
148            android:value="@integer/google_play_services_version" />
148-->[com.google.android.gms:play-services-basement:17.0.0] AndroidManifest.xml:25:13-66
149    </application>
150
151</manifest>